  [1m[35m (6451.9ms)[0m  [1m[35mCREATE DATABASE "blog" ENCODING = 'unicode'[0m
  [1m[35m (95.0ms)[0m  [1m[35mCREATE TABLE "schema_migrations" ("version" character varying NOT NULL PRIMARY KEY)[0m
  [1m[35m (58.8ms)[0m  [1m[35mCREATE TABLE "ar_internal_metadata" ("key" character varying NOT NULL PRIMARY KEY, "value" character varying, "created_at" timestamp(6) NOT NULL, "updated_at" timestamp(6) NOT NULL)[0m
  [1m[35m (0.4ms)[0m  [1m[34mSELECT pg_try_advisory_lock(6617535630868360695)[0m
  [1m[35m (0.7ms)[0m  [1m[34mSELECT "schema_migrations"."version" FROM "schema_migrations" ORDER BY "schema_migrations"."version" ASC[0m
  [1m[36mActiveRecord::InternalMetadata Load (0.6ms)[0m  [1m[34mSELECT "ar_internal_metadata".* FROM "ar_internal_metadata" WHERE "ar_internal_metadata"."key" = $1 LIMIT $2[0m  [["key", "environment"], ["LIMIT", 1]]
  [1m[35m (0.1ms)[0m  [1m[35mBEGIN[0m
  [1m[36mActiveRecord::InternalMetadata Create (0.7ms)[0m  [1m[32mINSERT INTO "ar_internal_metadata" ("key", "value", "created_at", "updated_at") VALUES ($1, $2, $3, $4) RETURNING "key"[0m  [["key", "environment"], ["value", "development"], ["created_at", "2019-10-17 11:19:06.289779"], ["updated_at", "2019-10-17 11:19:06.289779"]]
  [1m[35m (7.9ms)[0m  [1m[35mCOMMIT[0m
  [1m[35m (0.3ms)[0m  [1m[34mSELECT pg_advisory_unlock(6617535630868360695)[0m
  [1m[35m (6.6ms)[0m  [1m[34mSELECT "schema_migrations"."version" FROM "schema_migrations" ORDER BY "schema_migrations"."version" ASC[0m
Started GET "/" for ::1 at 2019-10-17 16:49:36 +0530
Processing by Rails::WelcomeController#index as HTML
  Rendering C:/Ruby26-x64/lib/ruby/gems/2.6.0/gems/railties-6.0.0/lib/rails/templates/rails/welcome/index.html.erb
  Rendered C:/Ruby26-x64/lib/ruby/gems/2.6.0/gems/railties-6.0.0/lib/rails/templates/rails/welcome/index.html.erb (Duration: 12.2ms | Allocations: 416)
Completed 200 OK in 38ms (Views: 26.3ms | ActiveRecord: 0.0ms | Allocations: 4198)


Started GET "/" for ::1 at 2019-10-17 16:53:36 +0530
Processing by WelcomeController#index as HTML
  Rendering welcome/index.html.erb within layouts/application
  Rendered welcome/index.html.erb within layouts/application (Duration: 8.7ms | Allocations: 307)
[Webpacker] Compiling…
[Webpacker] Compiled all packs in C:/Users/dewanshu.chhatlani/blog/public/packs
Completed 200 OK in 8281ms (Views: 8269.3ms | ActiveRecord: 0.0ms | Allocations: 1262113)


Started GET "/articles/new" for ::1 at 2019-10-17 16:55:25 +0530
  
ActionController::RoutingError (uninitialized constant ArticlesController
Did you mean?  AbstractController):
  
activesupport (6.0.0) lib/active_support/inflector/methods.rb:282:in `const_get'
activesupport (6.0.0) lib/active_support/inflector/methods.rb:282:in `block in constantize'
activesupport (6.0.0) lib/active_support/inflector/methods.rb:280:in `each'
activesupport (6.0.0) lib/active_support/inflector/methods.rb:280:in `inject'
activesupport (6.0.0) lib/active_support/inflector/methods.rb:280:in `constantize'
activesupport (6.0.0) lib/active_support/dependencies/zeitwerk_integration.rb:19:in `constantize'
actionpack (6.0.0) lib/action_dispatch/http/request.rb:88:in `controller_class_for'
actionpack (6.0.0) lib/action_dispatch/http/request.rb:81:in `controller_class'
actionpack (6.0.0) lib/action_dispatch/routing/route_set.rb:45:in `controller'
actionpack (6.0.0) lib/action_dispatch/routing/route_set.rb:31:in `serve'
actionpack (6.0.0) lib/action_dispatch/journey/router.rb:49:in `block in serve'
actionpack (6.0.0) lib/action_dispatch/journey/router.rb:32:in `each'
actionpack (6.0.0) lib/action_dispatch/journey/router.rb:32:in `serve'
actionpack (6.0.0) lib/action_dispatch/routing/route_set.rb:837:in `call'
rack (2.0.7) lib/rack/tempfile_reaper.rb:15:in `call'
rack (2.0.7) lib/rack/etag.rb:25:in `call'
rack (2.0.7) lib/rack/conditional_get.rb:25:in `call'
rack (2.0.7) lib/rack/head.rb:12:in `call'
actionpack (6.0.0) lib/action_dispatch/http/content_security_policy.rb:18:in `call'
rack (2.0.7) lib/rack/session/abstract/id.rb:232:in `context'
rack (2.0.7) lib/rack/session/abstract/id.rb:226:in `call'
actionpack (6.0.0) lib/action_dispatch/middleware/cookies.rb:648:in `call'
activerecord (6.0.0) lib/active_record/migration.rb:567:in `call'
actionpack (6.0.0) lib/action_dispatch/middleware/callbacks.rb:27:in `block in call'
activesupport (6.0.0) lib/active_support/callbacks.rb:101:in `run_callbacks'
actionpack (6.0.0) lib/action_dispatch/middleware/callbacks.rb:26:in `call'
actionpack (6.0.0) lib/action_dispatch/middleware/executor.rb:14:in `call'
actionpack (6.0.0) lib/action_dispatch/middleware/actionable_exceptions.rb:17:in `call'
actionpack (6.0.0) lib/action_dispatch/middleware/debug_exceptions.rb:32:in `call'
web-console (4.0.1) lib/web_console/middleware.rb:132:in `call_app'
web-console (4.0.1) lib/web_console/middleware.rb:28:in `block in call'
web-console (4.0.1) lib/web_console/middleware.rb:17:in `catch'
web-console (4.0.1) lib/web_console/middleware.rb:17:in `call'
actionpack (6.0.0) lib/action_dispatch/middleware/show_exceptions.rb:33:in `call'
railties (6.0.0) lib/rails/rack/logger.rb:38:in `call_app'
railties (6.0.0) lib/rails/rack/logger.rb:26:in `block in call'
activesupport (6.0.0) lib/active_support/tagged_logging.rb:80:in `block in tagged'
activesupport (6.0.0) lib/active_support/tagged_logging.rb:28:in `tagged'
activesupport (6.0.0) lib/active_support/tagged_logging.rb:80:in `tagged'
railties (6.0.0) lib/rails/rack/logger.rb:26:in `call'
sprockets-rails (3.2.1) lib/sprockets/rails/quiet_assets.rb:13:in `call'
actionpack (6.0.0) lib/action_dispatch/middleware/remote_ip.rb:81:in `call'
actionpack (6.0.0) lib/action_dispatch/middleware/request_id.rb:27:in `call'
rack (2.0.7) lib/rack/method_override.rb:22:in `call'
rack (2.0.7) lib/rack/runtime.rb:22:in `call'
activesupport (6.0.0) lib/active_support/cache/strategy/local_cache_middleware.rb:29:in `call'
actionpack (6.0.0) lib/action_dispatch/middleware/executor.rb:14:in `call'
actionpack (6.0.0) lib/action_dispatch/middleware/static.rb:126:in `call'
rack (2.0.7) lib/rack/sendfile.rb:111:in `call'
actionpack (6.0.0) lib/action_dispatch/middleware/host_authorization.rb:83:in `call'
webpacker (4.0.7) lib/webpacker/dev_server_proxy.rb:29:in `perform_request'
rack-proxy (0.6.5) lib/rack/proxy.rb:57:in `call'
railties (6.0.0) lib/rails/engine.rb:526:in `call'
puma (3.12.1) lib/puma/configuration.rb:227:in `call'
puma (3.12.1) lib/puma/server.rb:660:in `handle_request'
puma (3.12.1) lib/puma/server.rb:474:in `process_client'
puma (3.12.1) lib/puma/server.rb:334:in `block in run'
puma (3.12.1) lib/puma/thread_pool.rb:135:in `block in spawn_thread'
Started GET "/articles/new" for ::1 at 2019-10-17 16:57:41 +0530
Processing by ArticlesController#new as HTML
  Rendering articles/new.html.erb within layouts/application
  Rendered articles/new.html.erb within layouts/application (Duration: 7.7ms | Allocations: 87)
Completed 200 OK in 4679ms (Views: 4676.0ms | ActiveRecord: 0.0ms | Allocations: 1257199)


Started GET "/articles/new" for ::1 at 2019-10-17 16:58:14 +0530
Processing by ArticlesController#new as HTML
  Rendering articles/new.html.erb within layouts/application
  Rendered articles/new.html.erb within layouts/application (Duration: 117.3ms | Allocations: 4501)
Completed 200 OK in 177ms (Views: 174.8ms | ActiveRecord: 0.0ms | Allocations: 12923)


Started POST "/articles/new" for ::1 at 2019-10-17 16:59:55 +0530
  
ActionController::RoutingError (No route matches [POST] "/articles/new"):
  
actionpack (6.0.0) lib/action_dispatch/middleware/debug_exceptions.rb:36:in `call'
web-console (4.0.1) lib/web_console/middleware.rb:132:in `call_app'
web-console (4.0.1) lib/web_console/middleware.rb:28:in `block in call'
web-console (4.0.1) lib/web_console/middleware.rb:17:in `catch'
web-console (4.0.1) lib/web_console/middleware.rb:17:in `call'
actionpack (6.0.0) lib/action_dispatch/middleware/show_exceptions.rb:33:in `call'
railties (6.0.0) lib/rails/rack/logger.rb:38:in `call_app'
railties (6.0.0) lib/rails/rack/logger.rb:26:in `block in call'
activesupport (6.0.0) lib/active_support/tagged_logging.rb:80:in `block in tagged'
activesupport (6.0.0) lib/active_support/tagged_logging.rb:28:in `tagged'
activesupport (6.0.0) lib/active_support/tagged_logging.rb:80:in `tagged'
railties (6.0.0) lib/rails/rack/logger.rb:26:in `call'
sprockets-rails (3.2.1) lib/sprockets/rails/quiet_assets.rb:13:in `call'
actionpack (6.0.0) lib/action_dispatch/middleware/remote_ip.rb:81:in `call'
actionpack (6.0.0) lib/action_dispatch/middleware/request_id.rb:27:in `call'
rack (2.0.7) lib/rack/method_override.rb:22:in `call'
rack (2.0.7) lib/rack/runtime.rb:22:in `call'
activesupport (6.0.0) lib/active_support/cache/strategy/local_cache_middleware.rb:29:in `call'
actionpack (6.0.0) lib/action_dispatch/middleware/executor.rb:14:in `call'
actionpack (6.0.0) lib/action_dispatch/middleware/static.rb:126:in `call'
rack (2.0.7) lib/rack/sendfile.rb:111:in `call'
actionpack (6.0.0) lib/action_dispatch/middleware/host_authorization.rb:83:in `call'
webpacker (4.0.7) lib/webpacker/dev_server_proxy.rb:29:in `perform_request'
rack-proxy (0.6.5) lib/rack/proxy.rb:57:in `call'
railties (6.0.0) lib/rails/engine.rb:526:in `call'
puma (3.12.1) lib/puma/configuration.rb:227:in `call'
puma (3.12.1) lib/puma/server.rb:660:in `handle_request'
puma (3.12.1) lib/puma/server.rb:474:in `process_client'
puma (3.12.1) lib/puma/server.rb:334:in `block in run'
puma (3.12.1) lib/puma/thread_pool.rb:135:in `block in spawn_thread'
Started GET "/articles/new" for ::1 at 2019-10-17 17:01:21 +0530
Processing by ArticlesController#new as HTML
  Rendering articles/new.html.erb within layouts/application
  Rendered articles/new.html.erb within layouts/application (Duration: 8.9ms | Allocations: 700)
Completed 200 OK in 55ms (Views: 53.1ms | ActiveRecord: 0.0ms | Allocations: 9260)


Started POST "/articles" for ::1 at 2019-10-17 17:01:25 +0530
Processing by ArticlesController#create as HTML
  Parameters: {"authenticity_token"=>"EqhMxf0XFSxb3BdBizA16A9/1p0OCsC+9zOHpaVS+XQ7yCWdum1fy9naU6gIp0du0PE+tAwrgfEwo2utz4LtqQ==", "article"=>{"title"=>"trg", "text"=>"reg"}, "commit"=>"Save Article"}
  Rendering text template
  Rendered text template (Duration: 0.0ms | Allocations: 1)
Completed 200 OK in 13ms (Views: 12.3ms | ActiveRecord: 0.0ms | Allocations: 613)


  [1m[35m (0.2ms)[0m  [1m[34mSELECT pg_try_advisory_lock(6617535630868360695)[0m
  [1m[35m (0.7ms)[0m  [1m[34mSELECT "schema_migrations"."version" FROM "schema_migrations" ORDER BY "schema_migrations"."version" ASC[0m
Migrating to CreateArticles (20191017113302)
  [1m[35m (0.2ms)[0m  [1m[35mBEGIN[0m
  [1m[35m (68.3ms)[0m  [1m[35mCREATE TABLE "articles" ("id" bigserial primary key, "title" character varying, "text" text, "created_at" timestamp(6) NOT NULL, "updated_at" timestamp(6) NOT NULL)[0m
  [1m[36mprimary::SchemaMigration Create (0.6ms)[0m  [1m[32mINSERT INTO "schema_migrations" ("version") VALUES ($1) RETURNING "version"[0m  [["version", "20191017113302"]]
  [1m[35m (1.4ms)[0m  [1m[35mCOMMIT[0m
  [1m[36mActiveRecord::InternalMetadata Load (0.6ms)[0m  [1m[34mSELECT "ar_internal_metadata".* FROM "ar_internal_metadata" WHERE "ar_internal_metadata"."key" = $1 LIMIT $2[0m  [["key", "environment"], ["LIMIT", 1]]
  [1m[35m (0.2ms)[0m  [1m[34mSELECT pg_advisory_unlock(6617535630868360695)[0m
  [1m[35m (0.8ms)[0m  [1m[34mSELECT "schema_migrations"."version" FROM "schema_migrations" ORDER BY "schema_migrations"."version" ASC[0m
Started GET "/articles/new" for ::1 at 2019-10-17 17:06:10 +0530
  [1m[35m (0.9ms)[0m  [1m[34mSELECT "schema_migrations"."version" FROM "schema_migrations" ORDER BY "schema_migrations"."version" ASC[0m
Processing by ArticlesController#new as HTML
  Rendering articles/new.html.erb within layouts/application
  Rendered articles/new.html.erb within layouts/application (Duration: 0.9ms | Allocations: 495)
Completed 200 OK in 47ms (Views: 46.2ms | ActiveRecord: 0.0ms | Allocations: 8324)


Started POST "/articles" for ::1 at 2019-10-17 17:06:22 +0530
Processing by ArticlesController#create as HTML
  Parameters: {"authenticity_token"=>"buuwgjwDLbsAfTJH3e+EAwSnK8dCAJKC6gHy01fw5exHi9nae3lnXIJ7dq5eePaF2ynD7kAh080tkR7bPSDxMQ==", "article"=>{"title"=>"trg", "text"=>"gds"}, "commit"=>"Save Article"}
Completed 500 Internal Server Error in 25ms (ActiveRecord: 3.9ms | Allocations: 4531)


  
ActiveModel::ForbiddenAttributesError (ActiveModel::ForbiddenAttributesError):
  
app/controllers/articles_controller.rb:5:in `create'
Started GET "/" for ::1 at 2019-10-17 17:09:32 +0530
Processing by WelcomeController#index as HTML
  Rendering welcome/index.html.erb within layouts/application
  Rendered welcome/index.html.erb within layouts/application (Duration: 0.5ms | Allocations: 80)
Completed 200 OK in 44ms (Views: 42.3ms | ActiveRecord: 0.0ms | Allocations: 8353)


Started GET "/articles/new" for ::1 at 2019-10-17 17:10:04 +0530
Processing by ArticlesController#new as HTML
  Rendering articles/new.html.erb within layouts/application
  Rendered articles/new.html.erb within layouts/application (Duration: 0.7ms | Allocations: 496)
Completed 200 OK in 47ms (Views: 46.8ms | ActiveRecord: 0.0ms | Allocations: 8311)


Started POST "/articles" for ::1 at 2019-10-17 17:10:41 +0530
Processing by ArticlesController#create as HTML
  Parameters: {"authenticity_token"=>"4nwjWKHXXq3RtDQmoFgrEK/7XKOF6HSckmWK7LnPWUzLHEoA5q0USlOycM8jz1mWcHW0iofJNdNV9Wbk0x9NkQ==", "article"=>{"title"=>"First Blog", "text"=>"Hello, This is Dewanshu Chhatlani"}, "commit"=>"Save Article"}
Completed 500 Internal Server Error in 9ms (ActiveRecord: 2.8ms | Allocations: 4085)


  
ActiveModel::ForbiddenAttributesError (ActiveModel::ForbiddenAttributesError):
  
app/controllers/articles_controller.rb:5:in `create'
Started GET "/articles/new" for ::1 at 2019-10-17 17:16:21 +0530
Processing by ArticlesController#new as HTML
  Rendering articles/new.html.erb within layouts/application
  Rendered articles/new.html.erb within layouts/application (Duration: 1.4ms | Allocations: 699)
Completed 200 OK in 48ms (Views: 46.6ms | ActiveRecord: 0.0ms | Allocations: 9250)


Started POST "/articles" for ::1 at 2019-10-17 17:16:25 +0530
Processing by ArticlesController#create as HTML
  Parameters: {"authenticity_token"=>"af/gFkdNnqGI3+06eSaMgfQfMZ/BPLZ+sca1P4loX8RAn4lOADfURgrZqdP6sf4HK5HZtsMd9zF2Vlk347hLGQ==", "article"=>{"title"=>"trg", "text"=>"awd"}, "commit"=>"Save Article"}
Completed 500 Internal Server Error in 15ms (ActiveRecord: 3.0ms | Allocations: 4101)


  
ActiveModel::ForbiddenAttributesError (ActiveModel::ForbiddenAttributesError):
  
app/controllers/articles_controller.rb:5:in `create'
Started GET "/articles/new" for ::1 at 2019-10-17 17:21:04 +0530
Processing by ArticlesController#new as HTML
  Rendering articles/new.html.erb within layouts/application
  Rendered articles/new.html.erb within layouts/application (Duration: 1.1ms | Allocations: 797)
Completed 200 OK in 54ms (Views: 44.0ms | ActiveRecord: 2.9ms | Allocations: 12060)


Started POST "/articles" for ::1 at 2019-10-17 17:21:08 +0530
Processing by ArticlesController#create as HTML
  Parameters: {"authenticity_token"=>"/2kCMjtogm/P/MbWefPrBgFFwA4IqapHbJXlRHmGylrWCWtqfBLIiE36gj/6ZJmA3ssoJwqI6wirBQlME1behw==", "article"=>{"title"=>"fewef", "text"=>"wefa"}, "commit"=>"Save Article"}
  [1m[35m (0.2ms)[0m  [1m[35mBEGIN[0m
  ↳ app/controllers/articles_controller.rb:14:in `create'
  [1m[36mArticle Create (10.5ms)[0m  [1m[32mINSERT INTO "articles" ("title", "text", "created_at", "updated_at") VALUES ($1, $2, $3, $4) RETURNING "id"[0m  [["title", "fewef"], ["text", "wefa"], ["created_at", "2019-10-17 11:51:08.844409"], ["updated_at", "2019-10-17 11:51:08.844409"]]
  ↳ app/controllers/articles_controller.rb:14:in `create'
  [1m[35m (0.9ms)[0m  [1m[35mCOMMIT[0m
  ↳ app/controllers/articles_controller.rb:14:in `create'
Redirected to http://localhost:3000/articles/1
Completed 302 Found in 25ms (ActiveRecord: 11.6ms | Allocations: 2845)


Started GET "/articles/1" for ::1 at 2019-10-17 17:21:08 +0530
Processing by ArticlesController#show as HTML
  Parameters: {"id"=>"1"}
  [1m[36mArticle Load (0.3ms)[0m  [1m[34mSELECT "articles".* FROM "articles" WHERE "articles"."id" = $1 LIMIT $2[0m  [["id", 1], ["LIMIT", 1]]
  ↳ app/controllers/articles_controller.rb:4:in `show'
  Rendering articles/show.html.erb within layouts/application
  Rendered articles/show.html.erb within layouts/application (Duration: 6.9ms | Allocations: 138)
Completed 200 OK in 54ms (Views: 45.2ms | ActiveRecord: 0.5ms | Allocations: 9216)


Started GET "/articles" for ::1 at 2019-10-17 17:30:49 +0530
Processing by ArticlesController#index as HTML
  Rendering articles/index.html.erb within layouts/application
  [1m[36mArticle Load (1.1ms)[0m  [1m[34mSELECT "articles".* FROM "articles"[0m
  ↳ app/views/articles/index.html.erb:10
  Rendered articles/index.html.erb within layouts/application (Duration: 13.1ms | Allocations: 3806)
Completed 200 OK in 64ms (Views: 57.7ms | ActiveRecord: 1.1ms | Allocations: 12773)


Started GET "/articles" for ::1 at 2019-10-17 17:45:59 +0530
Processing by ArticlesController#index as HTML
  Rendering articles/index.html.erb within layouts/application
  [1m[36mArticle Load (1.0ms)[0m  [1m[34mSELECT "articles".* FROM "articles"[0m
  ↳ app/views/articles/index.html.erb:10
  Rendered articles/index.html.erb within layouts/application (Duration: 13.8ms | Allocations: 3884)
Completed 200 OK in 82ms (Views: 56.9ms | ActiveRecord: 1.0ms | Allocations: 12965)


Started GET "/articles/new" for ::1 at 2019-10-17 17:46:02 +0530
Processing by ArticlesController#new as HTML
  Rendering articles/new.html.erb within layouts/application
  Rendered articles/new.html.erb within layouts/application (Duration: 8.3ms | Allocations: 1088)
Completed 200 OK in 48ms (Views: 46.3ms | ActiveRecord: 0.0ms | Allocations: 8920)


Started GET "/articles/1" for ::1 at 2019-10-17 17:46:05 +0530
Processing by ArticlesController#show as HTML
  Parameters: {"id"=>"1"}
  [1m[36mArticle Load (0.3ms)[0m  [1m[34mSELECT "articles".* FROM "articles" WHERE "articles"."id" = $1 LIMIT $2[0m  [["id", 1], ["LIMIT", 1]]
  ↳ app/controllers/articles_controller.rb:8:in `show'
  Rendering articles/show.html.erb within layouts/application
  Rendered articles/show.html.erb within layouts/application (Duration: 6.3ms | Allocations: 194)
Completed 200 OK in 50ms (Views: 44.2ms | ActiveRecord: 0.5ms | Allocations: 8690)


Started GET "/articles" for ::1 at 2019-10-17 17:46:07 +0530
Processing by ArticlesController#index as HTML
  Rendering articles/index.html.erb within layouts/application
  [1m[36mArticle Load (0.3ms)[0m  [1m[34mSELECT "articles".* FROM "articles"[0m
  ↳ app/views/articles/index.html.erb:10
  Rendered articles/index.html.erb within layouts/application (Duration: 4.6ms | Allocations: 705)
Completed 200 OK in 44ms (Views: 42.8ms | ActiveRecord: 0.3ms | Allocations: 8398)


Started GET "/articles/new" for ::1 at 2019-10-17 17:49:06 +0530
Processing by ArticlesController#new as HTML
  Rendering articles/new.html.erb within layouts/application
  Rendered articles/new.html.erb within layouts/application (Duration: 1.1ms | Allocations: 681)
Completed 200 OK in 45ms (Views: 43.8ms | ActiveRecord: 0.0ms | Allocations: 8373)


Started POST "/articles" for ::1 at 2019-10-17 17:49:12 +0530
Processing by ArticlesController#create as HTML
  Parameters: {"authenticity_token"=>"LpMHm5qJtgnC0Dkdh/vymUBkQKwJ2iml/1EkcWS5U8YH827D3fP87kDWffQEbIAfn+qohQv7aOo4wch5DmlHGw==", "article"=>{"title"=>"", "text"=>"ef"}, "commit"=>"Save Article"}
  Rendering articles/new.html.erb within layouts/application
  Rendered articles/new.html.erb within layouts/application (Duration: 1.2ms | Allocations: 972)
Completed 200 OK in 42ms (Views: 40.7ms | ActiveRecord: 0.0ms | Allocations: 9903)


Started GET "/articles/new" for ::1 at 2019-10-17 18:01:28 +0530
Processing by ArticlesController#new as HTML
  Rendering articles/new.html.erb within layouts/application
  Rendered articles/new.html.erb within layouts/application (Duration: 1.7ms | Allocations: 1085)
Completed 200 OK in 64ms (Views: 55.7ms | ActiveRecord: 0.0ms | Allocations: 13011)


Started POST "/articles" for ::1 at 2019-10-17 18:01:48 +0530
Processing by ArticlesController#create as HTML
  Parameters: {"authenticity_token"=>"NAWzL8wEQPPmJhy+vZ5I7jrjF2MBcB66aEV239Ypb0UdZdp3i34KFGQgWFc+CTpo5W3/SgNRX/Wv1ZrXvPl7mA==", "article"=>{"title"=>"", "text"=>""}, "commit"=>"Save Article"}
  Rendering articles/new.html.erb within layouts/application
  Rendered articles/new.html.erb within layouts/application (Duration: 1.1ms | Allocations: 965)
Completed 200 OK in 42ms (Views: 40.2ms | ActiveRecord: 0.0ms | Allocations: 9757)


Started GET "/articles" for ::1 at 2019-10-17 18:01:50 +0530
Processing by ArticlesController#index as HTML
  Rendering articles/index.html.erb within layouts/application
  [1m[36mArticle Load (0.9ms)[0m  [1m[34mSELECT "articles".* FROM "articles"[0m
  ↳ app/views/articles/index.html.erb:10
  Rendered articles/index.html.erb within layouts/application (Duration: 11.3ms | Allocations: 1011)
Completed 200 OK in 55ms (Views: 51.9ms | ActiveRecord: 0.9ms | Allocations: 8859)


Started GET "/articles/new" for ::1 at 2019-10-17 18:02:05 +0530
Processing by ArticlesController#new as HTML
  Rendering articles/new.html.erb within layouts/application
  Rendered articles/new.html.erb within layouts/application (Duration: 1.0ms | Allocations: 682)
Completed 200 OK in 43ms (Views: 42.2ms | ActiveRecord: 0.0ms | Allocations: 8370)


Started POST "/articles" for ::1 at 2019-10-17 18:02:19 +0530
Processing by ArticlesController#create as HTML
  Parameters: {"authenticity_token"=>"qAtW0J7Nn40nk1ugkCOTLvGLxO1LArvDBCtopY3z57mjJKAw5v3pX2NVyg4/sj+8H68LktVjLyOHzikD1UGZ9A==", "article"=>{"title"=>"Dewanshu Chhatlani", "text"=>"is awesome"}, "commit"=>"Save Article"}
  [1m[35m (0.2ms)[0m  [1m[35mBEGIN[0m
  ↳ app/controllers/articles_controller.rb:22:in `create'
  [1m[36mArticle Create (0.6ms)[0m  [1m[32mINSERT INTO "articles" ("title", "text", "created_at", "updated_at") VALUES ($1, $2, $3, $4) RETURNING "id"[0m  [["title", "Dewanshu Chhatlani"], ["text", "is awesome"], ["created_at", "2019-10-17 12:32:19.918046"], ["updated_at", "2019-10-17 12:32:19.918046"]]
  ↳ app/controllers/articles_controller.rb:22:in `create'
  [1m[35m (9.9ms)[0m  [1m[35mCOMMIT[0m
  ↳ app/controllers/articles_controller.rb:22:in `create'
Redirected to http://localhost:3000/articles/2
Completed 302 Found in 19ms (ActiveRecord: 10.7ms | Allocations: 2670)


Started GET "/articles/2" for ::1 at 2019-10-17 18:02:19 +0530
Processing by ArticlesController#show as HTML
  Parameters: {"id"=>"2"}
  [1m[36mArticle Load (0.3ms)[0m  [1m[34mSELECT "articles".* FROM "articles" WHERE "articles"."id" = $1 LIMIT $2[0m  [["id", 2], ["LIMIT", 1]]
  ↳ app/controllers/articles_controller.rb:8:in `show'
  Rendering articles/show.html.erb within layouts/application
  Rendered articles/show.html.erb within layouts/application (Duration: 6.5ms | Allocations: 235)
Completed 200 OK in 50ms (Views: 44.2ms | ActiveRecord: 0.6ms | Allocations: 8736)


Started GET "/articles" for ::1 at 2019-10-17 18:02:22 +0530
Processing by ArticlesController#index as HTML
  Rendering articles/index.html.erb within layouts/application
  [1m[36mArticle Load (0.3ms)[0m  [1m[34mSELECT "articles".* FROM "articles"[0m
  ↳ app/views/articles/index.html.erb:10
  Rendered articles/index.html.erb within layouts/application (Duration: 5.1ms | Allocations: 807)
Completed 200 OK in 44ms (Views: 43.2ms | ActiveRecord: 0.3ms | Allocations: 8498)


  [1m[35m (0.2ms)[0m  [1m[34mSELECT pg_try_advisory_lock(6617535630868360695)[0m
  [1m[35m (0.8ms)[0m  [1m[34mSELECT "schema_migrations"."version" FROM "schema_migrations" ORDER BY "schema_migrations"."version" ASC[0m
Migrating to CreateComments (20191017124458)
  [1m[35m (0.2ms)[0m  [1m[35mBEGIN[0m
  [1m[35m (84.4ms)[0m  [1m[35mCREATE TABLE "comments" ("id" bigserial primary key, "commenter" character varying, "body" text, "article_id" bigint NOT NULL, "created_at" timestamp(6) NOT NULL, "updated_at" timestamp(6) NOT NULL, CONSTRAINT "fk_rails_3bf61a60d3"
FOREIGN KEY ("article_id")
  REFERENCES "articles" ("id")
)[0m
  [1m[35m (24.9ms)[0m  [1m[35mCREATE  INDEX  "index_comments_on_article_id" ON "comments"  ("article_id")[0m
  [1m[36mprimary::SchemaMigration Create (0.4ms)[0m  [1m[32mINSERT INTO "schema_migrations" ("version") VALUES ($1) RETURNING "version"[0m  [["version", "20191017124458"]]
  [1m[35m (1.7ms)[0m  [1m[35mCOMMIT[0m
  [1m[36mActiveRecord::InternalMetadata Load (0.8ms)[0m  [1m[34mSELECT "ar_internal_metadata".* FROM "ar_internal_metadata" WHERE "ar_internal_metadata"."key" = $1 LIMIT $2[0m  [["key", "environment"], ["LIMIT", 1]]
  [1m[35m (0.2ms)[0m  [1m[34mSELECT pg_advisory_unlock(6617535630868360695)[0m
  [1m[35m (0.8ms)[0m  [1m[34mSELECT "schema_migrations"."version" FROM "schema_migrations" ORDER BY "schema_migrations"."version" ASC[0m
Started GET "/articles" for ::1 at 2019-10-17 18:25:06 +0530
  [1m[35m (0.9ms)[0m  [1m[34mSELECT "schema_migrations"."version" FROM "schema_migrations" ORDER BY "schema_migrations"."version" ASC[0m
Processing by ArticlesController#index as HTML
  Rendering articles/index.html.erb within layouts/application
  [1m[36mArticle Load (1.0ms)[0m  [1m[34mSELECT "articles".* FROM "articles"[0m
  ↳ app/views/articles/index.html.erb:10
  Rendered articles/index.html.erb within layouts/application (Duration: 13.3ms | Allocations: 4063)
Completed 200 OK in 185ms (Views: 144.5ms | ActiveRecord: 1.0ms | Allocations: 18262)


Started DELETE "/articles/1" for ::1 at 2019-10-17 18:25:11 +0530
Processing by ArticlesController#destroy as HTML
  Parameters: {"authenticity_token"=>"BJQxOMJhkZfWhaWZDCVMZSpMOHtlmzPC6hD+pXZfLjIt9FhghRvbcFSD4XCPsj7j9cLQUme6co0tgBKtHI867w==", "id"=>"1"}
  [1m[36mArticle Load (0.5ms)[0m  [1m[34mSELECT "articles".* FROM "articles" WHERE "articles"."id" = $1 LIMIT $2[0m  [["id", 1], ["LIMIT", 1]]
  ↳ app/controllers/articles_controller.rb:40:in `destroy'
  [1m[35m (0.2ms)[0m  [1m[35mBEGIN[0m
  ↳ app/controllers/articles_controller.rb:41:in `destroy'
  [1m[36mArticle Destroy (4.0ms)[0m  [1m[31mDELETE FROM "articles" WHERE "articles"."id" = $1[0m  [["id", 1]]
  ↳ app/controllers/articles_controller.rb:41:in `destroy'
  [1m[35m (0.8ms)[0m  [1m[35mCOMMIT[0m
  ↳ app/controllers/articles_controller.rb:41:in `destroy'
Redirected to http://localhost:3000/articles
Completed 302 Found in 15ms (ActiveRecord: 5.8ms | Allocations: 2796)


Started GET "/articles" for ::1 at 2019-10-17 18:25:11 +0530
Processing by ArticlesController#index as HTML
  Rendering articles/index.html.erb within layouts/application
  [1m[36mArticle Load (0.3ms)[0m  [1m[34mSELECT "articles".* FROM "articles"[0m
  ↳ app/views/articles/index.html.erb:10
  Rendered articles/index.html.erb within layouts/application (Duration: 6.2ms | Allocations: 776)
Completed 200 OK in 70ms (Views: 69.0ms | ActiveRecord: 0.3ms | Allocations: 9736)


Started GET "/articles" for ::1 at 2019-10-17 18:37:00 +0530
Processing by ArticlesController#index as HTML
  Rendering articles/index.html.erb within layouts/application
  [1m[36mArticle Load (1.1ms)[0m  [1m[34mSELECT "articles".* FROM "articles"[0m
  ↳ app/views/articles/index.html.erb:10
  Rendered articles/index.html.erb within layouts/application (Duration: 10.3ms | Allocations: 3979)
Completed 200 OK in 87ms (Views: 68.9ms | ActiveRecord: 1.1ms | Allocations: 15067)


Started GET "/articles/new" for ::1 at 2019-10-17 18:37:09 +0530
Processing by ArticlesController#new as HTML
Filter chain halted as #<Proc:0x000000000d5ee6a8@C:/Ruby26-x64/lib/ruby/gems/2.6.0/gems/actionpack-6.0.0/lib/action_controller/metal/http_authentication.rb:73> rendered or redirected
Completed 401 Unauthorized in 2ms (ActiveRecord: 0.0ms | Allocations: 268)


Started GET "/articles/new" for ::1 at 2019-10-17 18:37:18 +0530
Processing by ArticlesController#new as HTML
  Rendering articles/new.html.erb within layouts/application
  Rendered articles/_form.html.erb (Duration: 9.2ms | Allocations: 1103)
  Rendered articles/new.html.erb within layouts/application (Duration: 20.1ms | Allocations: 1445)
Completed 200 OK in 86ms (Views: 82.5ms | ActiveRecord: 0.0ms | Allocations: 10734)


Started GET "/articles/new" for ::1 at 2019-10-17 18:39:13 +0530
Processing by ArticlesController#new as HTML
Filter chain halted as #<Proc:0x000000000830c160@C:/Ruby26-x64/lib/ruby/gems/2.6.0/gems/actionpack-6.0.0/lib/action_controller/metal/http_authentication.rb:73> rendered or redirected
Completed 401 Unauthorized in 1ms (ActiveRecord: 0.0ms | Allocations: 354)


Started GET "/articles/new" for ::1 at 2019-10-17 18:39:24 +0530
Processing by ArticlesController#new as HTML
  Rendering articles/new.html.erb within layouts/application
  Rendered articles/_form.html.erb (Duration: 1.1ms | Allocations: 767)
  Rendered articles/new.html.erb within layouts/application (Duration: 1.5ms | Allocations: 858)
Completed 200 OK in 60ms (Views: 45.0ms | ActiveRecord: 8.6ms | Allocations: 14233)


Started POST "/articles" for ::1 at 2019-10-17 18:39:42 +0530
Processing by ArticlesController#create as HTML
  Parameters: {"authenticity_token"=>"NvqdM3tGxDwCaRmOico2x+6kfBJgt0A7fY2mPMYnb0s91WvTA3ay7kaviCAmW5pVAICzbf7W1Nv+aOeanpURBg==", "article"=>{"title"=>"Aditi Hardeniya", "text"=>"Happy Birthday"}, "commit"=>"Create Article"}
Filter chain halted as #<Proc:0x000000000830c160@C:/Ruby26-x64/lib/ruby/gems/2.6.0/gems/actionpack-6.0.0/lib/action_controller/metal/http_authentication.rb:73> rendered or redirected
Completed 401 Unauthorized in 4ms (ActiveRecord: 0.0ms | Allocations: 342)


Started POST "/articles" for ::1 at 2019-10-17 18:39:42 +0530
Processing by ArticlesController#create as HTML
  Parameters: {"authenticity_token"=>"NvqdM3tGxDwCaRmOico2x+6kfBJgt0A7fY2mPMYnb0s91WvTA3ay7kaviCAmW5pVAICzbf7W1Nv+aOeanpURBg==", "article"=>{"title"=>"Aditi Hardeniya", "text"=>"Happy Birthday"}, "commit"=>"Create Article"}
  [1m[35m (0.2ms)[0m  [1m[35mBEGIN[0m
  ↳ app/controllers/articles_controller.rb:24:in `create'
  [1m[36mArticle Create (0.6ms)[0m  [1m[32mINSERT INTO "articles" ("title", "text", "created_at", "updated_at") VALUES ($1, $2, $3, $4) RETURNING "id"[0m  [["title", "Aditi Hardeniya"], ["text", "Happy Birthday"], ["created_at", "2019-10-17 13:09:42.406576"], ["updated_at", "2019-10-17 13:09:42.406576"]]
  ↳ app/controllers/articles_controller.rb:24:in `create'
  [1m[35m (1.6ms)[0m  [1m[35mCOMMIT[0m
  ↳ app/controllers/articles_controller.rb:24:in `create'
Redirected to http://localhost:3000/articles/3
Completed 302 Found in 14ms (ActiveRecord: 2.4ms | Allocations: 2858)


Started GET "/articles/3" for ::1 at 2019-10-17 18:39:42 +0530
Processing by ArticlesController#show as HTML
  Parameters: {"id"=>"3"}
  [1m[36mArticle Load (0.3ms)[0m  [1m[34mSELECT "articles".* FROM "articles" WHERE "articles"."id" = $1 LIMIT $2[0m  [["id", 3], ["LIMIT", 1]]
  ↳ app/controllers/articles_controller.rb:10:in `show'
  Rendering articles/show.html.erb within layouts/application
  [1m[36mComment Load (0.8ms)[0m  [1m[34mSELECT "comments".* FROM "comments" WHERE "comments"."article_id" = $1[0m  [["article_id", 3]]
  ↳ app/views/articles/show.html.erb:12
  Rendered collection of templates [0 times] (Duration: 0.0ms | Allocations: 3)
  Rendered comments/_form.html.erb (Duration: 68.0ms | Allocations: 5854)
  Rendered articles/show.html.erb within layouts/application (Duration: 220.6ms | Allocations: 12369)
Completed 200 OK in 268ms (Views: 259.0ms | ActiveRecord: 3.6ms | Allocations: 22242)


Started POST "/articles/3/comments" for ::1 at 2019-10-17 18:40:06 +0530
Processing by CommentsController#create as HTML
  Parameters: {"authenticity_token"=>"j32ZfgpTKpmGew6L0IZT9LdeLn/dxW/v1/IEiGullvemHfAmTSlgfgR9SmJTESFyaNDGVt/kLqAQYuiAAXWCKg==", "comment"=>{"commenter"=>"Aditi's Birthday was on October 16", "body"=>""}, "commit"=>"Create Comment", "article_id"=>"3"}
  [1m[36mArticle Load (0.4ms)[0m  [1m[34mSELECT "articles".* FROM "articles" WHERE "articles"."id" = $1 LIMIT $2[0m  [["id", 3], ["LIMIT", 1]]
  ↳ app/controllers/comments_controller.rb:6:in `create'
  [1m[35m (0.1ms)[0m  [1m[35mBEGIN[0m
  ↳ app/controllers/comments_controller.rb:7:in `create'
  [1m[36mComment Create (1.3ms)[0m  [1m[32mINSERT INTO "comments" ("commenter", "body", "article_id", "created_at", "updated_at") VALUES ($1, $2, $3, $4, $5) RETURNING "id"[0m  [["commenter", "Aditi's Birthday was on October 16"], ["body", ""], ["article_id", 3], ["created_at", "2019-10-17 13:10:06.306267"], ["updated_at", "2019-10-17 13:10:06.306267"]]
  ↳ app/controllers/comments_controller.rb:7:in `create'
  [1m[35m (0.6ms)[0m  [1m[35mCOMMIT[0m
  ↳ app/controllers/comments_controller.rb:7:in `create'
Redirected to http://localhost:3000/articles/3
Completed 302 Found in 15ms (ActiveRecord: 2.4ms | Allocations: 3711)


Started GET "/articles/3" for ::1 at 2019-10-17 18:40:06 +0530
Processing by ArticlesController#show as HTML
  Parameters: {"id"=>"3"}
  [1m[36mArticle Load (0.3ms)[0m  [1m[34mSELECT "articles".* FROM "articles" WHERE "articles"."id" = $1 LIMIT $2[0m  [["id", 3], ["LIMIT", 1]]
  ↳ app/controllers/articles_controller.rb:10:in `show'
  Rendering articles/show.html.erb within layouts/application
  [1m[36mComment Load (0.3ms)[0m  [1m[34mSELECT "comments".* FROM "comments" WHERE "comments"."article_id" = $1[0m  [["article_id", 3]]
  ↳ app/views/articles/show.html.erb:12
  Rendered collection of comments/_comment.html.erb [1 times] (Duration: 7.1ms | Allocations: 306)
  Rendered comments/_form.html.erb (Duration: 1.1ms | Allocations: 783)
  Rendered articles/show.html.erb within layouts/application (Duration: 12.3ms | Allocations: 2277)
Completed 200 OK in 58ms (Views: 53.3ms | ActiveRecord: 0.6ms | Allocations: 11946)


Started GET "/articles" for ::1 at 2019-10-17 18:40:10 +0530
Processing by ArticlesController#index as HTML
  Rendering articles/index.html.erb within layouts/application
  [1m[36mArticle Load (0.3ms)[0m  [1m[34mSELECT "articles".* FROM "articles"[0m
  ↳ app/views/articles/index.html.erb:10
  Rendered articles/index.html.erb within layouts/application (Duration: 4.9ms | Allocations: 895)
Completed 200 OK in 45ms (Views: 44.2ms | ActiveRecord: 0.3ms | Allocations: 10013)


Started GET "/articles/3" for ::1 at 2019-10-17 18:40:15 +0530
Processing by ArticlesController#show as HTML
  Parameters: {"id"=>"3"}
  [1m[36mArticle Load (0.3ms)[0m  [1m[34mSELECT "articles".* FROM "articles" WHERE "articles"."id" = $1 LIMIT $2[0m  [["id", 3], ["LIMIT", 1]]
  ↳ app/controllers/articles_controller.rb:10:in `show'
  Rendering articles/show.html.erb within layouts/application
  [1m[36mComment Load (0.3ms)[0m  [1m[34mSELECT "comments".* FROM "comments" WHERE "comments"."article_id" = $1[0m  [["article_id", 3]]
  ↳ app/views/articles/show.html.erb:12
  Rendered collection of comments/_comment.html.erb [1 times] (Duration: 0.2ms | Allocations: 132)
  Rendered comments/_form.html.erb (Duration: 1.0ms | Allocations: 780)
  Rendered articles/show.html.erb within layouts/application (Duration: 4.6ms | Allocations: 1925)
Completed 200 OK in 52ms (Views: 46.8ms | ActiveRecord: 0.7ms | Allocations: 11590)


Started GET "/articles" for ::1 at 2019-10-17 18:40:20 +0530
Processing by ArticlesController#index as HTML
  Rendering articles/index.html.erb within layouts/application
  [1m[36mArticle Load (0.3ms)[0m  [1m[34mSELECT "articles".* FROM "articles"[0m
  ↳ app/views/articles/index.html.erb:10
  Rendered articles/index.html.erb within layouts/application (Duration: 4.8ms | Allocations: 892)
Completed 200 OK in 44ms (Views: 43.5ms | ActiveRecord: 0.3ms | Allocations: 10001)


